



































































































2022-05-13T12:07:15.933722	b8:27:eb:ed:92:43	Raspberry Pi Foundation	-20
2022-05-13T12:07:21.580099	b8:27:eb:ed:92:43	Raspberry Pi Foundation	-16
2022-05-13T12:07:21.611769	b8:27:eb:ed:92:43	Raspberry Pi Foundation	-18
2022-05-13T12:07:24.719867	5c:10:c5:d4:df:ef	UNKNOWN	-85
2022-05-13T12:07:28.600967	b8:27:eb:ed:92:43	Raspberry Pi Foundation	-55
2022-05-13T12:07:28.695216	b8:27:eb:ed:92:43	Raspberry Pi Foundation	-57
2022-05-13T12:07:29.100293	b8:27:eb:ed:92:43	Raspberry Pi Foundation	-16
2022-05-13T12:07:29.131376	b8:27:eb:ed:92:43	Raspberry Pi Foundation	-18
2022-05-13T12:07:33.125286	5c:10:c5:d4:df:ef	UNKNOWN	-87
2022-05-13T12:07:33.193232	5c:10:c5:d4:df:ef	UNKNOWN	-85
2022-05-13T12:07:33.213772	5c:10:c5:d4:df:ef	UNKNOWN	-85
2022-05-13T12:07:50.900002	28:31:66:6c:6c:89	vivo Mobile Communication Co., Ltd.	-83
2022-05-13T12:07:56.540349	28:31:66:6c:6c:89	vivo Mobile Communication Co., Ltd.	-83
2022-05-13T12:07:56.567945	f0:77:c3:fe:6f:19	UNKNOWN	-87
2022-05-13T12:07:56.815076	b8:27:eb:ed:92:43	Raspberry Pi Foundation	-57
2022-05-13T12:07:56.855518	b8:27:eb:ed:92:43	Raspberry Pi Foundation	-49
2022-05-13T12:07:57.197943	b8:27:eb:ed:92:43	Raspberry Pi Foundation	-18
2022-05-13T12:07:57.228929	b8:27:eb:ed:92:43	Raspberry Pi Foundation	-16
2022-05-13T12:07:57.354862	b8:27:eb:ed:92:43	Raspberry Pi Foundation	-18
2022-05-14T00:00:52.096368	64:6c:80:9b:42:a3	CHONGQING FUGUI ELECTRONICS CO.,LTD.	
2022-05-14T00:00:54.019453	14:22:3b:e0:63:6c	Google, Inc.	
2022-05-14T00:00:59.169833	64:6c:80:9b:42:a3	CHONGQING FUGUI ELECTRONICS CO.,LTD.	
2022-05-14T00:00:59.306897	64:6c:80:9b:42:a3	CHONGQING FUGUI ELECTRONICS CO.,LTD.	
2022-05-14T00:01:06.121200	14:22:3b:e0:63:6c	Google, Inc.	
2022-05-14T00:01:16.048001	14:22:3b:e0:63:6c	Google, Inc.	
2022-05-14T00:01:16.198831	14:22:3b:e0:63:6c	Google, Inc.	
2022-05-14T00:01:16.362734	14:22:3b:e0:63:6c	Google, Inc.	
2022-05-14T00:01:16.586746	14:22:3b:e0:63:6c	Google, Inc.	
2022-05-14T00:01:16.811750	14:22:3b:e0:63:6c	Google, Inc.	
2022-05-14T00:01:17.035437	14:22:3b:e0:63:6c	Google, Inc.	
2022-05-14T00:01:18.010253	b8:27:eb:09:a2:eb	Raspberry Pi Foundation	
2022-05-14T00:01:18.262501	b8:27:eb:09:a2:eb	Raspberry Pi Foundation	
2022-05-14T00:01:26.224223	14:22:3b:e0:63:6c	Google, Inc.	
2022-05-14T00:01:26.367678	14:22:3b:e0:63:6c	Google, Inc.	
2022-05-14T00:01:26.560570	14:22:3b:e0:63:6c	Google, Inc.	
2022-05-14T00:01:29.165965	64:6c:80:9b:42:a3	CHONGQING FUGUI ELECTRONICS CO.,LTD.	
2022-05-14T00:01:37.114749	64:6c:80:9b:42:a3	CHONGQING FUGUI ELECTRONICS CO.,LTD.	
2022-05-14T00:01:37.273080	64:6c:80:9b:42:a3	CHONGQING FUGUI ELECTRONICS CO.,LTD.	
2022-05-14T00:02:06.152851	64:6c:80:9b:42:a3	CHONGQING FUGUI ELECTRONICS CO.,LTD.	
2022-05-14T00:02:06.311457	64:6c:80:9b:42:a3	CHONGQING FUGUI ELECTRONICS CO.,LTD.	
2022-05-14T00:02:14.167848	64:6c:80:9b:42:a3	CHONGQING FUGUI ELECTRONICS CO.,LTD.	
2022-05-14T00:02:14.324503	64:6c:80:9b:42:a3	CHONGQING FUGUI ELECTRONICS CO.,LTD.	
2022-05-14T00:02:18.010445	b8:27:eb:09:a2:eb	Raspberry Pi Foundation	
2022-05-14T00:02:18.150228	b8:27:eb:09:a2:eb	Raspberry Pi Foundation	
2022-05-14T00:02:18.602195	b8:27:eb:09:a2:eb	Raspberry Pi Foundation	
2022-05-14T00:02:18.863588	b8:27:eb:09:a2:eb	Raspberry Pi Foundation	
2022-05-14T00:02:43.128884	64:6c:80:9b:42:a3	CHONGQING FUGUI ELECTRONICS CO.,LTD.	
2022-05-14T00:02:43.285549	64:6c:80:9b:42:a3	CHONGQING FUGUI ELECTRONICS CO.,LTD.	
2022-05-14T00:02:51.164769	64:6c:80:9b:42:a3	CHONGQING FUGUI ELECTRONICS CO.,LTD.	
2022-05-14T00:02:56.121223	8c:85:90:36:40:54	Apple, Inc.	
2022-05-14T00:03:10.172694	64:6c:80:9b:42:a3	CHONGQING FUGUI ELECTRONICS CO.,LTD.	
2022-05-14T00:03:10.327008	64:6c:80:9b:42:a3	CHONGQING FUGUI ELECTRONICS CO.,LTD.	
2022-05-14T00:03:12.682755	8c:85:90:36:40:54	Apple, Inc.	
2022-05-14T00:03:18.012012	b8:27:eb:09:a2:eb	Raspberry Pi Foundation	
2022-05-14T00:03:18.266238	b8:27:eb:09:a2:eb	Raspberry Pi Foundation	
2022-05-14T00:03:18.524177	b8:27:eb:09:a2:eb	Raspberry Pi Foundation	
2022-05-14T00:03:21.146270	64:6c:80:9b:42:a3	CHONGQING FUGUI ELECTRONICS CO.,LTD.	
2022-05-14T00:03:21.378683	64:6c:80:9b:42:a3	CHONGQING FUGUI ELECTRONICS CO.,LTD.	
2022-05-14T00:03:31.163093	64:6c:80:9b:42:a3	CHONGQING FUGUI ELECTRONICS CO.,LTD.	
2022-05-14T00:03:31.398203	64:6c:80:9b:42:a3	CHONGQING FUGUI ELECTRONICS CO.,LTD.	
2022-05-14T00:03:34.412331	ae:3b:ce:60:ae:2a	UNKNOWN	
2022-05-14T00:03:34.673713	ae:3b:ce:60:ae:2a	UNKNOWN	
2022-05-14T00:04:08.149927	64:6c:80:9b:42:a3	CHONGQING FUGUI ELECTRONICS CO.,LTD.	
2022-05-14T00:04:08.288846	64:6c:80:9b:42:a3	CHONGQING FUGUI ELECTRONICS CO.,LTD.	
2022-05-14T00:04:16.163355	64:6c:80:9b:42:a3	CHONGQING FUGUI ELECTRONICS CO.,LTD.	
2022-05-14T00:04:16.316402	64:6c:80:9b:42:a3	CHONGQING FUGUI ELECTRONICS CO.,LTD.	
2022-05-14T00:04:18.012860	b8:27:eb:09:a2:eb	Raspberry Pi Foundation	
2022-05-14T00:04:18.281252	b8:27:eb:09:a2:eb	Raspberry Pi Foundation	
2022-05-14T00:04:24.129404	64:6c:80:9b:42:a3	CHONGQING FUGUI ELECTRONICS CO.,LTD.	
2022-05-14T00:04:24.367470	64:6c:80:9b:42:a3	CHONGQING FUGUI ELECTRONICS CO.,LTD.	
2022-05-14T00:04:27.550058	06:3a:4c:eb:95:4e	UNKNOWN	
2022-05-14T00:04:27.719015	06:3a:4c:eb:95:4e	UNKNOWN	
2022-05-14T00:04:34.919678	1a:bd:32:f2:c0:6b	UNKNOWN	
2022-05-14T00:04:35.179358	1a:bd:32:f2:c0:6b	UNKNOWN	
2022-05-14T00:04:35.446532	1a:bd:32:f2:c0:6b	UNKNOWN	
2022-05-14T00:05:01.098692	64:6c:80:9b:42:a3	CHONGQING FUGUI ELECTRONICS CO.,LTD.	
2022-05-14T00:05:09.146564	64:6c:80:9b:42:a3	CHONGQING FUGUI ELECTRONICS CO.,LTD.	
2022-05-14T00:05:09.309551	64:6c:80:9b:42:a3	CHONGQING FUGUI ELECTRONICS CO.,LTD.	
2022-05-14T00:05:18.011110	b8:27:eb:09:a2:eb	Raspberry Pi Foundation	
2022-05-14T00:05:18.225032	b8:27:eb:09:a2:eb	Raspberry Pi Foundation	
2022-05-14T00:05:18.478710	b8:27:eb:09:a2:eb	Raspberry Pi Foundation	
2022-05-14T00:05:21.787589	64:6c:80:9b:42:a3	CHONGQING FUGUI ELECTRONICS CO.,LTD.	
2022-05-14T00:06:07.117669	64:6c:80:9b:42:a3	CHONGQING FUGUI ELECTRONICS CO.,LTD.	
2022-05-14T00:06:07.272486	64:6c:80:9b:42:a3	CHONGQING FUGUI ELECTRONICS CO.,LTD.	
2022-05-14T00:06:18.018619	b8:27:eb:09:a2:eb	Raspberry Pi Foundation	
2022-05-14T00:06:18.175818	b8:27:eb:09:a2:eb	Raspberry Pi Foundation	
2022-05-14T00:06:36.181989	64:6c:80:9b:42:a3	CHONGQING FUGUI ELECTRONICS CO.,LTD.	
2022-05-14T00:06:36.315684	64:6c:80:9b:42:a3	CHONGQING FUGUI ELECTRONICS CO.,LTD.	
2022-05-14T00:06:44.165791	64:6c:80:9b:42:a3	CHONGQING FUGUI ELECTRONICS CO.,LTD.	
2022-05-14T00:06:44.322535	64:6c:80:9b:42:a3	CHONGQING FUGUI ELECTRONICS CO.,LTD.	
2022-05-14T00:06:53.228515	14:22:3b:e0:63:6c	Google, Inc.	
2022-05-14T00:07:13.129000	64:6c:80:9b:42:a3	CHONGQING FUGUI ELECTRONICS CO.,LTD.	
2022-05-14T00:07:13.284163	64:6c:80:9b:42:a3	CHONGQING FUGUI ELECTRONICS CO.,LTD.	
2022-05-14T00:07:13.794542	5c:61:99:84:97:d3	CLOUD NETWORK TECHNOLOGY SINGAPORE PTE. LTD.	
2022-05-14T00:07:18.014368	b8:27:eb:09:a2:eb	Raspberry Pi Foundation	
2022-05-14T00:07:18.219054	b8:27:eb:09:a2:eb	Raspberry Pi Foundation	
2022-05-14T00:07:21.161077	64:6c:80:9b:42:a3	CHONGQING FUGUI ELECTRONICS CO.,LTD.	
2022-05-14T00:07:31.253992	4a:50:79:cd:d3:17	UNKNOWN	
2022-05-14T00:07:31.424186	4a:50:79:cd:d3:17	UNKNOWN	
2022-05-14T00:07:33.942608	8c:85:90:36:40:54	Apple, Inc.	
2022-05-14T00:07:34.124385	8c:85:90:36:40:54	Apple, Inc.	
2022-05-14T00:07:50.187067	64:6c:80:9b:42:a3	CHONGQING FUGUI ELECTRONICS CO.,LTD.	
2022-05-14T00:07:58.150365	64:6c:80:9b:42:a3	CHONGQING FUGUI ELECTRONICS CO.,LTD.	
2022-05-14T00:07:58.305200	64:6c:80:9b:42:a3	CHONGQING FUGUI ELECTRONICS CO.,LTD.	
2022-05-14T00:08:17.155226	64:6c:80:9b:42:a3	CHONGQING FUGUI ELECTRONICS CO.,LTD.	
2022-05-14T00:08:17.304791	64:6c:80:9b:42:a3	CHONGQING FUGUI ELECTRONICS CO.,LTD.	
2022-05-14T00:08:18.015977	b8:27:eb:09:a2:eb	Raspberry Pi Foundation	
2022-05-14T00:08:18.265995	b8:27:eb:09:a2:eb	Raspberry Pi Foundation	
2022-05-14T00:08:18.673784	b8:27:eb:09:a2:eb	Raspberry Pi Foundation	
2022-05-14T00:08:28.125805	64:6c:80:9b:42:a3	CHONGQING FUGUI ELECTRONICS CO.,LTD.	
2022-05-14T00:08:28.283439	64:6c:80:9b:42:a3	CHONGQING FUGUI ELECTRONICS CO.,LTD.	
2022-05-14T00:08:38.147343	64:6c:80:9b:42:a3	CHONGQING FUGUI ELECTRONICS CO.,LTD.	
2022-05-14T00:08:38.366193	8c:85:90:36:40:54	Apple, Inc.	
2022-05-14T00:08:38.623051	b6:0e:aa:a5:9c:98	UNKNOWN	
2022-05-14T00:09:10.173579	9a:5d:ba:a7:22:08	UNKNOWN	
2022-05-14T00:09:10.435597	9a:5d:ba:a7:22:08	UNKNOWN	
2022-05-14T00:09:10.701370	9a:5d:ba:a7:22:08	UNKNOWN	
2022-05-14T00:09:15.098943	64:6c:80:9b:42:a3	CHONGQING FUGUI ELECTRONICS CO.,LTD.	
2022-05-14T00:09:15.336444	64:6c:80:9b:42:a3	CHONGQING FUGUI ELECTRONICS CO.,LTD.	
2022-05-14T00:09:16.421521	8c:85:90:36:40:54	Apple, Inc.	
2022-05-14T00:09:16.669229	8c:85:90:36:40:54	Apple, Inc.	
2022-05-14T00:09:18.019239	b8:27:eb:09:a2:eb	Raspberry Pi Foundation	
2022-05-14T00:09:18.275045	b8:27:eb:09:a2:eb	Raspberry Pi Foundation	
2022-05-14T00:09:23.161703	64:6c:80:9b:42:a3	CHONGQING FUGUI ELECTRONICS CO.,LTD.	
2022-05-14T00:09:31.182345	64:6c:80:9b:42:a3	CHONGQING FUGUI ELECTRONICS CO.,LTD.	
2022-05-14T00:10:08.180661	64:6c:80:9b:42:a3	CHONGQING FUGUI ELECTRONICS CO.,LTD.	
2022-05-14T00:10:18.017844	b8:27:eb:09:a2:eb	Raspberry Pi Foundation	
2022-05-14T00:10:18.274943	b8:27:eb:09:a2:eb	Raspberry Pi Foundation	
2022-05-14T00:10:29.178100	64:6c:80:9b:42:a3	CHONGQING FUGUI ELECTRONICS CO.,LTD.	
2022-05-14T00:10:37.118072	64:6c:80:9b:42:a3	CHONGQING FUGUI ELECTRONICS CO.,LTD.	
2022-05-14T00:10:37.253899	64:6c:80:9b:42:a3	CHONGQING FUGUI ELECTRONICS CO.,LTD.	
2022-05-14T00:11:00.567476	4a:9f:81:5e:e5:21	UNKNOWN	
2022-05-14T00:11:06.154451	64:6c:80:9b:42:a3	CHONGQING FUGUI ELECTRONICS CO.,LTD.	
2022-05-14T00:11:11.128234	de:98:f6:e5:f5:70	UNKNOWN	
2022-05-14T00:11:14.167718	64:6c:80:9b:42:a3	CHONGQING FUGUI ELECTRONICS CO.,LTD.	
2022-05-14T00:11:18.020944	b8:27:eb:09:a2:eb	Raspberry Pi Foundation	
2022-05-14T00:11:18.296227	b8:27:eb:09:a2:eb	Raspberry Pi Foundation	
2022-05-14T00:11:18.562075	b8:27:eb:09:a2:eb	Raspberry Pi Foundation	
2022-05-14T00:12:57.185853	64:6c:80:9b:42:a3	CHONGQING FUGUI ELECTRONICS CO.,LTD.	-59
2022-05-14T00:12:57.321619	64:6c:80:9b:42:a3	CHONGQING FUGUI ELECTRONICS CO.,LTD.	-57
2022-05-14T00:12:59.755870	6a:ab:72:7a:ee:32	UNKNOWN	-77
2022-05-14T00:13:00.016099	6a:ab:72:7a:ee:32	UNKNOWN	-73
2022-05-14T00:13:00.247796	6a:ab:72:7a:ee:32	UNKNOWN	-75
2022-05-14T00:13:05.122683	64:6c:80:9b:42:a3	CHONGQING FUGUI ELECTRONICS CO.,LTD.	-59
2022-05-14T00:13:05.275375	64:6c:80:9b:42:a3	CHONGQING FUGUI ELECTRONICS CO.,LTD.	-59
2022-05-14T00:13:18.001777	14:22:3b:e0:63:6c	Google, Inc.	-47
2022-05-14T00:13:18.185209	b8:27:eb:09:a2:eb	Raspberry Pi Foundation	-43
2022-05-14T00:13:18.438688	14:22:3b:e0:63:6c	Google, Inc.	-47
2022-05-14T00:13:18.661622	b8:27:eb:09:a2:eb	Raspberry Pi Foundation	-43
2022-05-14T00:13:24.130272	64:6c:80:9b:42:a3	CHONGQING FUGUI ELECTRONICS CO.,LTD.	-61
2022-05-14T00:13:24.278747	64:6c:80:9b:42:a3	CHONGQING FUGUI ELECTRONICS CO.,LTD.	-61
2022-05-14T00:13:35.172749	64:6c:80:9b:42:a3	CHONGQING FUGUI ELECTRONICS CO.,LTD.	-59
2022-05-14T00:13:45.123539	64:6c:80:9b:42:a3	CHONGQING FUGUI ELECTRONICS CO.,LTD.	-59
2022-05-14T00:13:45.562752	5c:10:c5:3b:88:2a	Samsung Electronics Co.,Ltd	-91
2022-05-14T00:13:59.361930	ce:f3:0d:88:f0:4f	UNKNOWN	-77
2022-05-14T00:14:01.949584	d4:8a:39:7b:26:0c	Samsung Electronics Co.,Ltd	-79
2022-05-14T00:14:02.203501	d4:8a:39:7b:26:0c	Samsung Electronics Co.,Ltd	-77
2022-05-14T00:14:02.436700	d4:8a:39:7b:26:0c	Samsung Electronics Co.,Ltd	-77
2022-05-14T00:14:04.387751	18:3e:ef:f3:fb:fd	Apple, Inc.	-83
2022-05-14T00:14:04.609046	18:3e:ef:f3:fb:fd	Apple, Inc.	-83
2022-05-14T00:14:13.083504	3e:ad:8b:dc:8b:c9	UNKNOWN	-79
2022-05-14T00:14:13.251805	3e:ad:8b:dc:8b:c9	UNKNOWN	-79
2022-05-14T00:14:18.024137	b8:27:eb:09:a2:eb	Raspberry Pi Foundation	-37
2022-05-14T00:14:18.274001	b8:27:eb:09:a2:eb	Raspberry Pi Foundation	-37
2022-05-14T00:14:22.093924	64:6c:80:9b:42:a3	CHONGQING FUGUI ELECTRONICS CO.,LTD.	-63
2022-05-14T00:14:29.174519	64:6c:80:9b:42:a3	CHONGQING FUGUI ELECTRONICS CO.,LTD.	-61
2022-05-14T00:14:37.138186	64:6c:80:9b:42:a3	CHONGQING FUGUI ELECTRONICS CO.,LTD.	-59
2022-05-14T00:14:44.136375	64:6c:80:9b:42:a3	CHONGQING FUGUI ELECTRONICS CO.,LTD.	-61
2022-05-14T00:15:15.156775	64:6c:80:9b:42:a3	CHONGQING FUGUI ELECTRONICS CO.,LTD.	-59
2022-05-14T00:15:18.025599	b8:27:eb:09:a2:eb	Raspberry Pi Foundation	-37
2022-05-14T00:15:18.182781	b8:27:eb:09:a2:eb	Raspberry Pi Foundation	-37
2022-05-14T00:15:36.151556	64:6c:80:9b:42:a3	CHONGQING FUGUI ELECTRONICS CO.,LTD.	-63
2022-05-14T00:15:44.165377	64:6c:80:9b:42:a3	CHONGQING FUGUI ELECTRONICS CO.,LTD.	-61
2022-05-14T00:15:44.322230	64:6c:80:9b:42:a3	CHONGQING FUGUI ELECTRONICS CO.,LTD.	-61
